[2020Oct22 08:48:52,478][DEBUG][1603372732478][genericDataValueLookup EquivalenceDataBean.java:66][En metodo genericDataValueLookup SIEBEL - Servicio de instancia GSM móvil pre-pago - PAYMENT_MODE]
[2020Oct22 08:48:52,490][DEBUG][1603372732478][getGenericValue Controller.java:109][En metodo getGenericValue del controller]
[2020Oct22 08:48:52,797][DEBUG][1603372732797][specificDataValueLookup EquivalenceDataBean.java:86][En metodo genericDataValueLookup FEATC - SERVICIO DE INSTANCIA GSM MÓVIL PRE-PAGO - PAYMENT_MODE]
[2020Oct22 08:48:52,799][DEBUG][1603372732797][getSpecificValue Controller.java:118][En metodo getSpecificValue del controller]
[2020Oct22 08:48:52,800][DEBUG][1603372732797][getSpecificValue Controller.java:124][Valor especifico: Pre-Pago]
[2020Oct22 08:48:52,809][DEBUG][1603372732809][genericDataValueLookup EquivalenceDataBean.java:66][En metodo genericDataValueLookup SIEBEL - Servicio de instancia GSM móvil pre-pago - INSTANCE]
[2020Oct22 08:48:52,810][DEBUG][1603372732809][getGenericValue Controller.java:109][En metodo getGenericValue del controller]
[2020Oct22 08:48:52,819][DEBUG][1603372732819][specificDataValueLookup EquivalenceDataBean.java:86][En metodo genericDataValueLookup FEATC - SERVICIO DE INSTANCIA GSM MÓVIL PRE-PAGO - INSTANCE]
[2020Oct22 08:48:52,820][DEBUG][1603372732819][getSpecificValue Controller.java:118][En metodo getSpecificValue del controller]
[2020Oct22 08:48:52,821][DEBUG][1603372732819][getSpecificValue Controller.java:124][Valor especifico: Móvil]
[2020Oct22 09:30:31,091][DEBUG][1603375231091][genericDataValueLookup EquivalenceDataBean.java:66][En metodo genericDataValueLookup SIEBEL - Servicio de instancia GSM móvil pre-pago - PAYMENT_MODE]
[2020Oct22 09:30:31,093][DEBUG][1603375231091][getGenericValue Controller.java:109][En metodo getGenericValue del controller]
[2020Oct22 09:30:31,102][DEBUG][1603375231102][specificDataValueLookup EquivalenceDataBean.java:86][En metodo genericDataValueLookup FEATC - SERVICIO DE INSTANCIA GSM MÓVIL PRE-PAGO - PAYMENT_MODE]
[2020Oct22 09:30:31,103][DEBUG][1603375231102][getSpecificValue Controller.java:118][En metodo getSpecificValue del controller]
[2020Oct22 09:30:31,104][DEBUG][1603375231102][getSpecificValue Controller.java:124][Valor especifico: Pre-Pago]
[2020Oct22 09:30:31,113][DEBUG][1603375231113][genericDataValueLookup EquivalenceDataBean.java:66][En metodo genericDataValueLookup SIEBEL - Servicio de instancia GSM móvil pre-pago - INSTANCE]
[2020Oct22 09:30:31,114][DEBUG][1603375231113][getGenericValue Controller.java:109][En metodo getGenericValue del controller]
[2020Oct22 09:30:31,123][DEBUG][1603375231123][specificDataValueLookup EquivalenceDataBean.java:86][En metodo genericDataValueLookup FEATC - SERVICIO DE INSTANCIA GSM MÓVIL PRE-PAGO - INSTANCE]
[2020Oct22 09:30:31,124][DEBUG][1603375231123][getSpecificValue Controller.java:118][En metodo getSpecificValue del controller]
[2020Oct22 09:30:31,125][DEBUG][1603375231123][getSpecificValue Controller.java:124][Valor especifico: Móvil]
[2020Oct22 11:03:20,821][DEBUG][1603380800821][genericDataValueLookup EquivalenceDataBean.java:66][En metodo genericDataValueLookup SIEBEL - Servicio de instancia GSM móvil pre-pago - PAYMENT_MODE]
[2020Oct22 11:03:20,823][DEBUG][1603380800821][getGenericValue Controller.java:109][En metodo getGenericValue del controller]
[2020Oct22 11:03:20,831][DEBUG][1603380800831][specificDataValueLookup EquivalenceDataBean.java:86][En metodo genericDataValueLookup FEATC - SERVICIO DE INSTANCIA GSM MÓVIL PRE-PAGO - PAYMENT_MODE]
[2020Oct22 11:03:20,833][DEBUG][1603380800831][getSpecificValue Controller.java:118][En metodo getSpecificValue del controller]
[2020Oct22 11:03:20,834][DEBUG][1603380800831][getSpecificValue Controller.java:124][Valor especifico: Pre-Pago]
[2020Oct22 11:03:20,843][DEBUG][1603380800843][genericDataValueLookup EquivalenceDataBean.java:66][En metodo genericDataValueLookup SIEBEL - Servicio de instancia GSM móvil pre-pago - INSTANCE]
[2020Oct22 11:03:20,844][DEBUG][1603380800843][getGenericValue Controller.java:109][En metodo getGenericValue del controller]
[2020Oct22 11:03:20,852][DEBUG][1603380800852][specificDataValueLookup EquivalenceDataBean.java:86][En metodo genericDataValueLookup FEATC - SERVICIO DE INSTANCIA GSM MÓVIL PRE-PAGO - INSTANCE]
[2020Oct22 11:03:20,854][DEBUG][1603380800852][getSpecificValue Controller.java:118][En metodo getSpecificValue del controller]
[2020Oct22 11:03:20,855][DEBUG][1603380800852][getSpecificValue Controller.java:124][Valor especifico: Móvil]
[2020Oct22 11:11:20,812][DEBUG][1603381280812][genericDataValueLookup EquivalenceDataBean.java:66][En metodo genericDataValueLookup SIEBEL - Servicio de instancia GSM móvil pre-pago - PAYMENT_MODE]
[2020Oct22 11:11:20,813][DEBUG][1603381280812][getGenericValue Controller.java:109][En metodo getGenericValue del controller]
[2020Oct22 11:11:20,822][DEBUG][1603381280822][specificDataValueLookup EquivalenceDataBean.java:86][En metodo genericDataValueLookup FEATC - SERVICIO DE INSTANCIA GSM MÓVIL PRE-PAGO - PAYMENT_MODE]
[2020Oct22 11:11:20,823][DEBUG][1603381280822][getSpecificValue Controller.java:118][En metodo getSpecificValue del controller]
[2020Oct22 11:11:20,825][DEBUG][1603381280822][getSpecificValue Controller.java:124][Valor especifico: Pre-Pago]
[2020Oct22 11:11:20,834][DEBUG][1603381280833][genericDataValueLookup EquivalenceDataBean.java:66][En metodo genericDataValueLookup SIEBEL - Servicio de instancia GSM móvil pre-pago - INSTANCE]
[2020Oct22 11:11:20,835][DEBUG][1603381280833][getGenericValue Controller.java:109][En metodo getGenericValue del controller]
[2020Oct22 11:11:20,843][DEBUG][1603381280843][specificDataValueLookup EquivalenceDataBean.java:86][En metodo genericDataValueLookup FEATC - SERVICIO DE INSTANCIA GSM MÓVIL PRE-PAGO - INSTANCE]
[2020Oct22 11:11:20,845][DEBUG][1603381280843][getSpecificValue Controller.java:118][En metodo getSpecificValue del controller]
[2020Oct22 11:11:20,846][DEBUG][1603381280843][getSpecificValue Controller.java:124][Valor especifico: Móvil]
[2020Oct22 11:16:06,380][DEBUG][1603381566380][genericDataValueLookup EquivalenceDataBean.java:66][En metodo genericDataValueLookup SIEBEL - Servicio de instancia GSM móvil pre-pago - PAYMENT_MODE]
[2020Oct22 11:16:06,381][DEBUG][1603381566380][getGenericValue Controller.java:109][En metodo getGenericValue del controller]
[2020Oct22 11:16:06,390][DEBUG][1603381566390][specificDataValueLookup EquivalenceDataBean.java:86][En metodo genericDataValueLookup FEATC - SERVICIO DE INSTANCIA GSM MÓVIL PRE-PAGO - PAYMENT_MODE]
[2020Oct22 11:16:06,391][DEBUG][1603381566390][getSpecificValue Controller.java:118][En metodo getSpecificValue del controller]
[2020Oct22 11:16:06,393][DEBUG][1603381566390][getSpecificValue Controller.java:124][Valor especifico: Pre-Pago]
[2020Oct22 11:16:06,401][DEBUG][1603381566401][genericDataValueLookup EquivalenceDataBean.java:66][En metodo genericDataValueLookup SIEBEL - Servicio de instancia GSM móvil pre-pago - INSTANCE]
[2020Oct22 11:16:06,403][DEBUG][1603381566401][getGenericValue Controller.java:109][En metodo getGenericValue del controller]
[2020Oct22 11:16:06,411][DEBUG][1603381566411][specificDataValueLookup EquivalenceDataBean.java:86][En metodo genericDataValueLookup FEATC - SERVICIO DE INSTANCIA GSM MÓVIL PRE-PAGO - INSTANCE]
[2020Oct22 11:16:06,412][DEBUG][1603381566411][getSpecificValue Controller.java:118][En metodo getSpecificValue del controller]
[2020Oct22 11:16:06,414][DEBUG][1603381566411][getSpecificValue Controller.java:124][Valor especifico: Móvil]
[2020Oct22 11:21:36,167][DEBUG][1603381896167][genericDataValueLookup EquivalenceDataBean.java:66][En metodo genericDataValueLookup SIEBEL - Servicio de instancia GSM móvil pre-pago - PAYMENT_MODE]
[2020Oct22 11:21:36,168][DEBUG][1603381896167][getGenericValue Controller.java:109][En metodo getGenericValue del controller]
[2020Oct22 11:21:36,177][DEBUG][1603381896177][specificDataValueLookup EquivalenceDataBean.java:86][En metodo genericDataValueLookup FEATC - SERVICIO DE INSTANCIA GSM MÓVIL PRE-PAGO - PAYMENT_MODE]
[2020Oct22 11:21:36,178][DEBUG][1603381896177][getSpecificValue Controller.java:118][En metodo getSpecificValue del controller]
[2020Oct22 11:21:36,180][DEBUG][1603381896177][getSpecificValue Controller.java:124][Valor especifico: Pre-Pago]
[2020Oct22 11:21:36,188][DEBUG][1603381896188][genericDataValueLookup EquivalenceDataBean.java:66][En metodo genericDataValueLookup SIEBEL - Servicio de instancia GSM móvil pre-pago - INSTANCE]
[2020Oct22 11:21:36,189][DEBUG][1603381896188][getGenericValue Controller.java:109][En metodo getGenericValue del controller]
[2020Oct22 11:21:36,198][DEBUG][1603381896198][specificDataValueLookup EquivalenceDataBean.java:86][En metodo genericDataValueLookup FEATC - SERVICIO DE INSTANCIA GSM MÓVIL PRE-PAGO - INSTANCE]
[2020Oct22 11:21:36,199][DEBUG][1603381896198][getSpecificValue Controller.java:118][En metodo getSpecificValue del controller]
[2020Oct22 11:21:36,201][DEBUG][1603381896198][getSpecificValue Controller.java:124][Valor especifico: Móvil]
[2020Oct22 11:27:52,070][DEBUG][1603382272070][genericDataValueLookup EquivalenceDataBean.java:66][En metodo genericDataValueLookup SIEBEL - Servicio de instancia GSM móvil pre-pago - PAYMENT_MODE]
[2020Oct22 11:27:52,072][DEBUG][1603382272070][getGenericValue Controller.java:109][En metodo getGenericValue del controller]
[2020Oct22 11:27:52,081][DEBUG][1603382272081][specificDataValueLookup EquivalenceDataBean.java:86][En metodo genericDataValueLookup FEATC - SERVICIO DE INSTANCIA GSM MÓVIL PRE-PAGO - PAYMENT_MODE]
[2020Oct22 11:27:52,082][DEBUG][1603382272081][getSpecificValue Controller.java:118][En metodo getSpecificValue del controller]
[2020Oct22 11:27:52,083][DEBUG][1603382272081][getSpecificValue Controller.java:124][Valor especifico: Pre-Pago]
[2020Oct22 11:27:52,092][DEBUG][1603382272092][genericDataValueLookup EquivalenceDataBean.java:66][En metodo genericDataValueLookup SIEBEL - Servicio de instancia GSM móvil pre-pago - INSTANCE]
[2020Oct22 11:27:52,093][DEBUG][1603382272092][getGenericValue Controller.java:109][En metodo getGenericValue del controller]
[2020Oct22 11:27:52,102][DEBUG][1603382272102][specificDataValueLookup EquivalenceDataBean.java:86][En metodo genericDataValueLookup FEATC - SERVICIO DE INSTANCIA GSM MÓVIL PRE-PAGO - INSTANCE]
[2020Oct22 11:27:52,103][DEBUG][1603382272102][getSpecificValue Controller.java:118][En metodo getSpecificValue del controller]
[2020Oct22 11:27:52,104][DEBUG][1603382272102][getSpecificValue Controller.java:124][Valor especifico: Móvil]
[2020Oct22 11:34:23,753][DEBUG][1603382663753][genericDataValueLookup EquivalenceDataBean.java:66][En metodo genericDataValueLookup SIEBEL - Servicio de instancia GSM móvil pre-pago - PAYMENT_MODE]
[2020Oct22 11:34:23,754][DEBUG][1603382663753][getGenericValue Controller.java:109][En metodo getGenericValue del controller]
[2020Oct22 11:34:23,763][DEBUG][1603382663763][specificDataValueLookup EquivalenceDataBean.java:86][En metodo genericDataValueLookup FEATC - SERVICIO DE INSTANCIA GSM MÓVIL PRE-PAGO - PAYMENT_MODE]
[2020Oct22 11:34:23,764][DEBUG][1603382663763][getSpecificValue Controller.java:118][En metodo getSpecificValue del controller]
[2020Oct22 11:34:23,765][DEBUG][1603382663763][getSpecificValue Controller.java:124][Valor especifico: Pre-Pago]
[2020Oct22 11:34:23,773][DEBUG][1603382663773][genericDataValueLookup EquivalenceDataBean.java:66][En metodo genericDataValueLookup SIEBEL - Servicio de instancia GSM móvil pre-pago - INSTANCE]
[2020Oct22 11:34:23,775][DEBUG][1603382663773][getGenericValue Controller.java:109][En metodo getGenericValue del controller]
[2020Oct22 11:34:23,783][DEBUG][1603382663783][specificDataValueLookup EquivalenceDataBean.java:86][En metodo genericDataValueLookup FEATC - SERVICIO DE INSTANCIA GSM MÓVIL PRE-PAGO - INSTANCE]
[2020Oct22 11:34:23,784][DEBUG][1603382663783][getSpecificValue Controller.java:118][En metodo getSpecificValue del controller]
[2020Oct22 11:34:23,826][DEBUG][1603382663783][getSpecificValue Controller.java:124][Valor especifico: Móvil]
[2020Oct22 11:40:28,522][DEBUG][1603383028522][genericDataValueLookup EquivalenceDataBean.java:66][En metodo genericDataValueLookup SIEBEL - Servicio de instancia GSM móvil pre-pago - PAYMENT_MODE]
[2020Oct22 11:40:28,523][DEBUG][1603383028522][getGenericValue Controller.java:109][En metodo getGenericValue del controller]
[2020Oct22 11:40:28,532][DEBUG][1603383028532][specificDataValueLookup EquivalenceDataBean.java:86][En metodo genericDataValueLookup FEATC - SERVICIO DE INSTANCIA GSM MÓVIL PRE-PAGO - PAYMENT_MODE]
[2020Oct22 11:40:28,533][DEBUG][1603383028532][getSpecificValue Controller.java:118][En metodo getSpecificValue del controller]
[2020Oct22 11:40:28,534][DEBUG][1603383028532][getSpecificValue Controller.java:124][Valor especifico: Pre-Pago]
[2020Oct22 11:40:28,542][DEBUG][1603383028542][genericDataValueLookup EquivalenceDataBean.java:66][En metodo genericDataValueLookup SIEBEL - Servicio de instancia GSM móvil pre-pago - INSTANCE]
[2020Oct22 11:40:28,543][DEBUG][1603383028542][getGenericValue Controller.java:109][En metodo getGenericValue del controller]
[2020Oct22 11:40:28,552][DEBUG][1603383028552][specificDataValueLookup EquivalenceDataBean.java:86][En metodo genericDataValueLookup FEATC - SERVICIO DE INSTANCIA GSM MÓVIL PRE-PAGO - INSTANCE]
[2020Oct22 11:40:28,553][DEBUG][1603383028552][getSpecificValue Controller.java:118][En metodo getSpecificValue del controller]
[2020Oct22 11:40:28,554][DEBUG][1603383028552][getSpecificValue Controller.java:124][Valor especifico: Móvil]
[2020Oct22 11:41:57,170][DEBUG][1603383117169][genericDataValueLookup EquivalenceDataBean.java:66][En metodo genericDataValueLookup SIEBEL - Servicio de instancia GSM móvil pre-pago - PAYMENT_MODE]
[2020Oct22 11:41:57,171][DEBUG][1603383117169][getGenericValue Controller.java:109][En metodo getGenericValue del controller]
[2020Oct22 11:41:57,180][DEBUG][1603383117180][specificDataValueLookup EquivalenceDataBean.java:86][En metodo genericDataValueLookup FEATC - SERVICIO DE INSTANCIA GSM MÓVIL PRE-PAGO - PAYMENT_MODE]
[2020Oct22 11:41:57,181][DEBUG][1603383117180][getSpecificValue Controller.java:118][En metodo getSpecificValue del controller]
[2020Oct22 11:41:57,182][DEBUG][1603383117180][getSpecificValue Controller.java:124][Valor especifico: Pre-Pago]
[2020Oct22 11:41:57,191][DEBUG][1603383117191][genericDataValueLookup EquivalenceDataBean.java:66][En metodo genericDataValueLookup SIEBEL - Servicio de instancia GSM móvil pre-pago - INSTANCE]
[2020Oct22 11:41:57,193][DEBUG][1603383117191][getGenericValue Controller.java:109][En metodo getGenericValue del controller]
[2020Oct22 11:41:57,201][DEBUG][1603383117201][specificDataValueLookup EquivalenceDataBean.java:86][En metodo genericDataValueLookup FEATC - SERVICIO DE INSTANCIA GSM MÓVIL PRE-PAGO - INSTANCE]
[2020Oct22 11:41:57,202][DEBUG][1603383117201][getSpecificValue Controller.java:118][En metodo getSpecificValue del controller]
[2020Oct22 11:41:57,204][DEBUG][1603383117201][getSpecificValue Controller.java:124][Valor especifico: Móvil]
[2020Oct22 11:47:48,836][DEBUG][1603383468836][genericDataValueLookup EquivalenceDataBean.java:66][En metodo genericDataValueLookup SIEBEL - Servicio de instancia GSM móvil pre-pago - PAYMENT_MODE]
[2020Oct22 11:47:48,837][DEBUG][1603383468836][getGenericValue Controller.java:109][En metodo getGenericValue del controller]
[2020Oct22 11:47:48,846][DEBUG][1603383468846][specificDataValueLookup EquivalenceDataBean.java:86][En metodo genericDataValueLookup FEATC - SERVICIO DE INSTANCIA GSM MÓVIL PRE-PAGO - PAYMENT_MODE]
[2020Oct22 11:47:48,847][DEBUG][1603383468846][getSpecificValue Controller.java:118][En metodo getSpecificValue del controller]
[2020Oct22 11:47:48,849][DEBUG][1603383468846][getSpecificValue Controller.java:124][Valor especifico: Pre-Pago]
[2020Oct22 11:47:48,857][DEBUG][1603383468857][genericDataValueLookup EquivalenceDataBean.java:66][En metodo genericDataValueLookup SIEBEL - Servicio de instancia GSM móvil pre-pago - INSTANCE]
[2020Oct22 11:47:48,858][DEBUG][1603383468857][getGenericValue Controller.java:109][En metodo getGenericValue del controller]
[2020Oct22 11:47:48,867][DEBUG][1603383468867][specificDataValueLookup EquivalenceDataBean.java:86][En metodo genericDataValueLookup FEATC - SERVICIO DE INSTANCIA GSM MÓVIL PRE-PAGO - INSTANCE]
[2020Oct22 11:47:48,868][DEBUG][1603383468867][getSpecificValue Controller.java:118][En metodo getSpecificValue del controller]
[2020Oct22 11:47:48,870][DEBUG][1603383468867][getSpecificValue Controller.java:124][Valor especifico: Móvil]
[2020Oct22 11:53:51,482][DEBUG][1603383831482][genericDataValueLookup EquivalenceDataBean.java:66][En metodo genericDataValueLookup SIEBEL - Servicio de instancia GSM móvil pre-pago - PAYMENT_MODE]
[2020Oct22 11:53:51,484][DEBUG][1603383831482][getGenericValue Controller.java:109][En metodo getGenericValue del controller]
[2020Oct22 11:53:51,492][DEBUG][1603383831492][specificDataValueLookup EquivalenceDataBean.java:86][En metodo genericDataValueLookup FEATC - SERVICIO DE INSTANCIA GSM MÓVIL PRE-PAGO - PAYMENT_MODE]
[2020Oct22 11:53:51,493][DEBUG][1603383831492][getSpecificValue Controller.java:118][En metodo getSpecificValue del controller]
[2020Oct22 11:53:51,495][DEBUG][1603383831492][getSpecificValue Controller.java:124][Valor especifico: Pre-Pago]
[2020Oct22 11:53:51,503][DEBUG][1603383831503][genericDataValueLookup EquivalenceDataBean.java:66][En metodo genericDataValueLookup SIEBEL - Servicio de instancia GSM móvil pre-pago - INSTANCE]
[2020Oct22 11:53:51,504][DEBUG][1603383831503][getGenericValue Controller.java:109][En metodo getGenericValue del controller]
[2020Oct22 11:53:51,513][DEBUG][1603383831513][specificDataValueLookup EquivalenceDataBean.java:86][En metodo genericDataValueLookup FEATC - SERVICIO DE INSTANCIA GSM MÓVIL PRE-PAGO - INSTANCE]
[2020Oct22 11:53:51,514][DEBUG][1603383831513][getSpecificValue Controller.java:118][En metodo getSpecificValue del controller]
[2020Oct22 11:53:51,515][DEBUG][1603383831513][getSpecificValue Controller.java:124][Valor especifico: Móvil]
[2020Oct22 12:15:50,221][DEBUG][1603385150221][genericDataValueLookup EquivalenceDataBean.java:66][En metodo genericDataValueLookup SIEBEL - Servicio de instancia GSM móvil pre-pago - PAYMENT_MODE]
[2020Oct22 12:15:50,223][DEBUG][1603385150221][getGenericValue Controller.java:109][En metodo getGenericValue del controller]
[2020Oct22 12:15:50,231][DEBUG][1603385150231][specificDataValueLookup EquivalenceDataBean.java:86][En metodo genericDataValueLookup FEATC - SERVICIO DE INSTANCIA GSM MÓVIL PRE-PAGO - PAYMENT_MODE]
[2020Oct22 12:15:50,233][DEBUG][1603385150231][getSpecificValue Controller.java:118][En metodo getSpecificValue del controller]
[2020Oct22 12:15:50,234][DEBUG][1603385150231][getSpecificValue Controller.java:124][Valor especifico: Pre-Pago]
[2020Oct22 12:15:50,243][DEBUG][1603385150242][genericDataValueLookup EquivalenceDataBean.java:66][En metodo genericDataValueLookup SIEBEL - Servicio de instancia GSM móvil pre-pago - INSTANCE]
[2020Oct22 12:15:50,244][DEBUG][1603385150242][getGenericValue Controller.java:109][En metodo getGenericValue del controller]
[2020Oct22 12:15:50,252][DEBUG][1603385150252][specificDataValueLookup EquivalenceDataBean.java:86][En metodo genericDataValueLookup FEATC - SERVICIO DE INSTANCIA GSM MÓVIL PRE-PAGO - INSTANCE]
[2020Oct22 12:15:50,253][DEBUG][1603385150252][getSpecificValue Controller.java:118][En metodo getSpecificValue del controller]
[2020Oct22 12:15:50,255][DEBUG][1603385150252][getSpecificValue Controller.java:124][Valor especifico: Móvil]
[2020Oct22 13:01:50,901][DEBUG][1603387910901][genericDataValueLookup EquivalenceDataBean.java:66][En metodo genericDataValueLookup SIEBEL - Servicio de instancia GSM móvil pre-pago - PAYMENT_MODE]
[2020Oct22 13:01:50,903][DEBUG][1603387910901][getGenericValue Controller.java:109][En metodo getGenericValue del controller]
[2020Oct22 13:01:50,912][DEBUG][1603387910912][specificDataValueLookup EquivalenceDataBean.java:86][En metodo genericDataValueLookup FEATC - SERVICIO DE INSTANCIA GSM MÓVIL PRE-PAGO - PAYMENT_MODE]
[2020Oct22 13:01:50,913][DEBUG][1603387910912][getSpecificValue Controller.java:118][En metodo getSpecificValue del controller]
[2020Oct22 13:01:50,914][DEBUG][1603387910912][getSpecificValue Controller.java:124][Valor especifico: Pre-Pago]
[2020Oct22 13:01:50,923][DEBUG][1603387910923][genericDataValueLookup EquivalenceDataBean.java:66][En metodo genericDataValueLookup SIEBEL - Servicio de instancia GSM móvil pre-pago - INSTANCE]
[2020Oct22 13:01:50,924][DEBUG][1603387910923][getGenericValue Controller.java:109][En metodo getGenericValue del controller]
[2020Oct22 13:01:50,933][DEBUG][1603387910933][specificDataValueLookup EquivalenceDataBean.java:86][En metodo genericDataValueLookup FEATC - SERVICIO DE INSTANCIA GSM MÓVIL PRE-PAGO - INSTANCE]
[2020Oct22 13:01:50,934][DEBUG][1603387910933][getSpecificValue Controller.java:118][En metodo getSpecificValue del controller]
[2020Oct22 13:01:50,935][DEBUG][1603387910933][getSpecificValue Controller.java:124][Valor especifico: Móvil]
[2020Oct22 13:03:31,453][DEBUG][1603388011452][genericDataValueLookup EquivalenceDataBean.java:66][En metodo genericDataValueLookup SIEBEL - Servicio de instancia GSM móvil pre-pago - PAYMENT_MODE]
[2020Oct22 13:03:31,454][DEBUG][1603388011452][getGenericValue Controller.java:109][En metodo getGenericValue del controller]
[2020Oct22 13:03:31,464][DEBUG][1603388011463][specificDataValueLookup EquivalenceDataBean.java:86][En metodo genericDataValueLookup FEATC - SERVICIO DE INSTANCIA GSM MÓVIL PRE-PAGO - PAYMENT_MODE]
[2020Oct22 13:03:31,465][DEBUG][1603388011463][getSpecificValue Controller.java:118][En metodo getSpecificValue del controller]
[2020Oct22 13:03:31,466][DEBUG][1603388011463][getSpecificValue Controller.java:124][Valor especifico: Pre-Pago]
[2020Oct22 13:03:31,475][DEBUG][1603388011475][genericDataValueLookup EquivalenceDataBean.java:66][En metodo genericDataValueLookup SIEBEL - Servicio de instancia GSM móvil pre-pago - INSTANCE]
[2020Oct22 13:03:31,476][DEBUG][1603388011475][getGenericValue Controller.java:109][En metodo getGenericValue del controller]
[2020Oct22 13:03:31,485][DEBUG][1603388011485][specificDataValueLookup EquivalenceDataBean.java:86][En metodo genericDataValueLookup FEATC - SERVICIO DE INSTANCIA GSM MÓVIL PRE-PAGO - INSTANCE]
[2020Oct22 13:03:31,487][DEBUG][1603388011485][getSpecificValue Controller.java:118][En metodo getSpecificValue del controller]
[2020Oct22 13:03:31,488][DEBUG][1603388011485][getSpecificValue Controller.java:124][Valor especifico: Móvil]
[2020Oct22 13:11:31,407][DEBUG][1603388491407][genericDataValueLookup EquivalenceDataBean.java:66][En metodo genericDataValueLookup SIEBEL - Servicio de instancia GSM móvil pre-pago - PAYMENT_MODE]
[2020Oct22 13:11:31,409][DEBUG][1603388491407][getGenericValue Controller.java:109][En metodo getGenericValue del controller]
[2020Oct22 13:11:31,418][DEBUG][1603388491418][specificDataValueLookup EquivalenceDataBean.java:86][En metodo genericDataValueLookup FEATC - SERVICIO DE INSTANCIA GSM MÓVIL PRE-PAGO - PAYMENT_MODE]
[2020Oct22 13:11:31,419][DEBUG][1603388491418][getSpecificValue Controller.java:118][En metodo getSpecificValue del controller]
[2020Oct22 13:11:31,420][DEBUG][1603388491418][getSpecificValue Controller.java:124][Valor especifico: Pre-Pago]
[2020Oct22 13:11:31,430][DEBUG][1603388491430][genericDataValueLookup EquivalenceDataBean.java:66][En metodo genericDataValueLookup SIEBEL - Servicio de instancia GSM móvil pre-pago - INSTANCE]
[2020Oct22 13:11:31,431][DEBUG][1603388491430][getGenericValue Controller.java:109][En metodo getGenericValue del controller]
[2020Oct22 13:11:31,440][DEBUG][1603388491440][specificDataValueLookup EquivalenceDataBean.java:86][En metodo genericDataValueLookup FEATC - SERVICIO DE INSTANCIA GSM MÓVIL PRE-PAGO - INSTANCE]
[2020Oct22 13:11:31,441][DEBUG][1603388491440][getSpecificValue Controller.java:118][En metodo getSpecificValue del controller]
[2020Oct22 13:11:31,442][DEBUG][1603388491440][getSpecificValue Controller.java:124][Valor especifico: Móvil]
[2020Oct22 13:21:27,198][DEBUG][1603389087198][genericDataValueLookup EquivalenceDataBean.java:66][En metodo genericDataValueLookup SIEBEL - Servicio de instancia GSM móvil pre-pago - PAYMENT_MODE]
[2020Oct22 13:21:27,200][DEBUG][1603389087198][getGenericValue Controller.java:109][En metodo getGenericValue del controller]
[2020Oct22 13:21:27,208][DEBUG][1603389087208][specificDataValueLookup EquivalenceDataBean.java:86][En metodo genericDataValueLookup FEATC - SERVICIO DE INSTANCIA GSM MÓVIL PRE-PAGO - PAYMENT_MODE]
[2020Oct22 13:21:27,210][DEBUG][1603389087208][getSpecificValue Controller.java:118][En metodo getSpecificValue del controller]
[2020Oct22 13:21:27,211][DEBUG][1603389087208][getSpecificValue Controller.java:124][Valor especifico: Pre-Pago]
[2020Oct22 13:21:27,219][DEBUG][1603389087219][genericDataValueLookup EquivalenceDataBean.java:66][En metodo genericDataValueLookup SIEBEL - Servicio de instancia GSM móvil pre-pago - INSTANCE]
[2020Oct22 13:21:27,220][DEBUG][1603389087219][getGenericValue Controller.java:109][En metodo getGenericValue del controller]
[2020Oct22 13:21:27,229][DEBUG][1603389087229][specificDataValueLookup EquivalenceDataBean.java:86][En metodo genericDataValueLookup FEATC - SERVICIO DE INSTANCIA GSM MÓVIL PRE-PAGO - INSTANCE]
[2020Oct22 13:21:27,230][DEBUG][1603389087229][getSpecificValue Controller.java:118][En metodo getSpecificValue del controller]
[2020Oct22 13:21:27,231][DEBUG][1603389087229][getSpecificValue Controller.java:124][Valor especifico: Móvil]
[2020Oct22 13:21:55,712][DEBUG][1603389115712][genericDataValueLookup EquivalenceDataBean.java:66][En metodo genericDataValueLookup SIEBEL - Servicio de instancia GSM móvil pre-pago - PAYMENT_MODE]
[2020Oct22 13:21:55,714][DEBUG][1603389115712][getGenericValue Controller.java:109][En metodo getGenericValue del controller]
[2020Oct22 13:21:55,723][DEBUG][1603389115723][specificDataValueLookup EquivalenceDataBean.java:86][En metodo genericDataValueLookup FEATC - SERVICIO DE INSTANCIA GSM MÓVIL PRE-PAGO - PAYMENT_MODE]
[2020Oct22 13:21:55,725][DEBUG][1603389115723][getSpecificValue Controller.java:118][En metodo getSpecificValue del controller]
[2020Oct22 13:21:55,726][DEBUG][1603389115723][getSpecificValue Controller.java:124][Valor especifico: Pre-Pago]
[2020Oct22 13:21:55,735][DEBUG][1603389115735][genericDataValueLookup EquivalenceDataBean.java:66][En metodo genericDataValueLookup SIEBEL - Servicio de instancia GSM móvil pre-pago - INSTANCE]
[2020Oct22 13:21:55,736][DEBUG][1603389115735][getGenericValue Controller.java:109][En metodo getGenericValue del controller]
[2020Oct22 13:21:55,745][DEBUG][1603389115745][specificDataValueLookup EquivalenceDataBean.java:86][En metodo genericDataValueLookup FEATC - SERVICIO DE INSTANCIA GSM MÓVIL PRE-PAGO - INSTANCE]
[2020Oct22 13:21:55,747][DEBUG][1603389115745][getSpecificValue Controller.java:118][En metodo getSpecificValue del controller]
[2020Oct22 13:21:55,748][DEBUG][1603389115745][getSpecificValue Controller.java:124][Valor especifico: Móvil]
[2020Oct22 13:30:08,976][DEBUG][1603389608975][genericDataValueLookup EquivalenceDataBean.java:66][En metodo genericDataValueLookup SIEBEL - Servicio de instancia GSM móvil pre-pago - PAYMENT_MODE]
[2020Oct22 13:30:08,977][DEBUG][1603389608975][getGenericValue Controller.java:109][En metodo getGenericValue del controller]
[2020Oct22 13:30:08,985][DEBUG][1603389608985][specificDataValueLookup EquivalenceDataBean.java:86][En metodo genericDataValueLookup FEATC - SERVICIO DE INSTANCIA GSM MÓVIL PRE-PAGO - PAYMENT_MODE]
[2020Oct22 13:30:08,986][DEBUG][1603389608985][getSpecificValue Controller.java:118][En metodo getSpecificValue del controller]
[2020Oct22 13:30:08,988][DEBUG][1603389608985][getSpecificValue Controller.java:124][Valor especifico: Pre-Pago]
[2020Oct22 13:30:08,996][DEBUG][1603389608996][genericDataValueLookup EquivalenceDataBean.java:66][En metodo genericDataValueLookup SIEBEL - Servicio de instancia GSM móvil pre-pago - INSTANCE]
[2020Oct22 13:30:08,997][DEBUG][1603389608996][getGenericValue Controller.java:109][En metodo getGenericValue del controller]
[2020Oct22 13:30:09,005][DEBUG][1603389609005][specificDataValueLookup EquivalenceDataBean.java:86][En metodo genericDataValueLookup FEATC - SERVICIO DE INSTANCIA GSM MÓVIL PRE-PAGO - INSTANCE]
[2020Oct22 13:30:09,006][DEBUG][1603389609005][getSpecificValue Controller.java:118][En metodo getSpecificValue del controller]
[2020Oct22 13:30:09,007][DEBUG][1603389609005][getSpecificValue Controller.java:124][Valor especifico: Móvil]
[2020Oct22 13:33:11,437][DEBUG][1603389791437][genericDataValueLookup EquivalenceDataBean.java:66][En metodo genericDataValueLookup SIEBEL - Servicio de instancia GSM móvil pre-pago - PAYMENT_MODE]
[2020Oct22 13:33:11,438][DEBUG][1603389791437][getGenericValue Controller.java:109][En metodo getGenericValue del controller]
[2020Oct22 13:33:11,447][DEBUG][1603389791447][specificDataValueLookup EquivalenceDataBean.java:86][En metodo genericDataValueLookup FEATC - SERVICIO DE INSTANCIA GSM MÓVIL PRE-PAGO - PAYMENT_MODE]
[2020Oct22 13:33:11,448][DEBUG][1603389791447][getSpecificValue Controller.java:118][En metodo getSpecificValue del controller]
[2020Oct22 13:33:11,449][DEBUG][1603389791447][getSpecificValue Controller.java:124][Valor especifico: Pre-Pago]
[2020Oct22 13:33:11,457][DEBUG][1603389791457][genericDataValueLookup EquivalenceDataBean.java:66][En metodo genericDataValueLookup SIEBEL - Servicio de instancia GSM móvil pre-pago - INSTANCE]
[2020Oct22 13:33:11,458][DEBUG][1603389791457][getGenericValue Controller.java:109][En metodo getGenericValue del controller]
[2020Oct22 13:33:11,466][DEBUG][1603389791466][specificDataValueLookup EquivalenceDataBean.java:86][En metodo genericDataValueLookup FEATC - SERVICIO DE INSTANCIA GSM MÓVIL PRE-PAGO - INSTANCE]
[2020Oct22 13:33:11,468][DEBUG][1603389791466][getSpecificValue Controller.java:118][En metodo getSpecificValue del controller]
[2020Oct22 13:33:11,469][DEBUG][1603389791466][getSpecificValue Controller.java:124][Valor especifico: Móvil]
[2020Oct22 13:33:38,415][DEBUG][1603389818415][genericDataValueLookup EquivalenceDataBean.java:66][En metodo genericDataValueLookup SIEBEL - Servicio de instancia GSM móvil pre-pago - PAYMENT_MODE]
[2020Oct22 13:33:38,416][DEBUG][1603389818415][getGenericValue Controller.java:109][En metodo getGenericValue del controller]
[2020Oct22 13:33:38,425][DEBUG][1603389818425][specificDataValueLookup EquivalenceDataBean.java:86][En metodo genericDataValueLookup FEATC - SERVICIO DE INSTANCIA GSM MÓVIL PRE-PAGO - PAYMENT_MODE]
[2020Oct22 13:33:38,426][DEBUG][1603389818425][getSpecificValue Controller.java:118][En metodo getSpecificValue del controller]
[2020Oct22 13:33:38,428][DEBUG][1603389818425][getSpecificValue Controller.java:124][Valor especifico: Pre-Pago]
[2020Oct22 13:33:38,436][DEBUG][1603389818436][genericDataValueLookup EquivalenceDataBean.java:66][En metodo genericDataValueLookup SIEBEL - Servicio de instancia GSM móvil pre-pago - INSTANCE]
[2020Oct22 13:33:38,437][DEBUG][1603389818436][getGenericValue Controller.java:109][En metodo getGenericValue del controller]
[2020Oct22 13:33:38,446][DEBUG][1603389818446][specificDataValueLookup EquivalenceDataBean.java:86][En metodo genericDataValueLookup FEATC - SERVICIO DE INSTANCIA GSM MÓVIL PRE-PAGO - INSTANCE]
[2020Oct22 13:33:38,447][DEBUG][1603389818446][getSpecificValue Controller.java:118][En metodo getSpecificValue del controller]
[2020Oct22 13:33:38,449][DEBUG][1603389818446][getSpecificValue Controller.java:124][Valor especifico: Móvil]
[2020Oct22 13:45:34,838][DEBUG][1603390534838][genericDataValueLookup EquivalenceDataBean.java:66][En metodo genericDataValueLookup SIEBEL - Servicio de instancia GSM móvil pre-pago - PAYMENT_MODE]
[2020Oct22 13:45:34,839][DEBUG][1603390534838][getGenericValue Controller.java:109][En metodo getGenericValue del controller]
[2020Oct22 13:45:34,848][DEBUG][1603390534848][specificDataValueLookup EquivalenceDataBean.java:86][En metodo genericDataValueLookup FEATC - SERVICIO DE INSTANCIA GSM MÓVIL PRE-PAGO - PAYMENT_MODE]
[2020Oct22 13:45:34,849][DEBUG][1603390534848][getSpecificValue Controller.java:118][En metodo getSpecificValue del controller]
[2020Oct22 13:45:34,850][DEBUG][1603390534848][getSpecificValue Controller.java:124][Valor especifico: Pre-Pago]
[2020Oct22 13:45:34,859][DEBUG][1603390534859][genericDataValueLookup EquivalenceDataBean.java:66][En metodo genericDataValueLookup SIEBEL - Servicio de instancia GSM móvil pre-pago - INSTANCE]
[2020Oct22 13:45:34,861][DEBUG][1603390534859][getGenericValue Controller.java:109][En metodo getGenericValue del controller]
[2020Oct22 13:45:34,869][DEBUG][1603390534869][specificDataValueLookup EquivalenceDataBean.java:86][En metodo genericDataValueLookup FEATC - SERVICIO DE INSTANCIA GSM MÓVIL PRE-PAGO - INSTANCE]
[2020Oct22 13:45:34,870][DEBUG][1603390534869][getSpecificValue Controller.java:118][En metodo getSpecificValue del controller]
[2020Oct22 13:45:34,872][DEBUG][1603390534869][getSpecificValue Controller.java:124][Valor especifico: Móvil]
[2020Oct22 13:48:01,738][DEBUG][1603390681738][genericDataValueLookup EquivalenceDataBean.java:66][En metodo genericDataValueLookup SIEBEL - Servicio de instancia GSM móvil pre-pago - PAYMENT_MODE]
[2020Oct22 13:48:01,740][DEBUG][1603390681738][getGenericValue Controller.java:109][En metodo getGenericValue del controller]
[2020Oct22 13:48:01,749][DEBUG][1603390681749][specificDataValueLookup EquivalenceDataBean.java:86][En metodo genericDataValueLookup FEATC - SERVICIO DE INSTANCIA GSM MÓVIL PRE-PAGO - PAYMENT_MODE]
[2020Oct22 13:48:01,750][DEBUG][1603390681749][getSpecificValue Controller.java:118][En metodo getSpecificValue del controller]
[2020Oct22 13:48:01,752][DEBUG][1603390681749][getSpecificValue Controller.java:124][Valor especifico: Pre-Pago]
[2020Oct22 13:48:01,761][DEBUG][1603390681761][genericDataValueLookup EquivalenceDataBean.java:66][En metodo genericDataValueLookup SIEBEL - Servicio de instancia GSM móvil pre-pago - INSTANCE]
[2020Oct22 13:48:01,762][DEBUG][1603390681761][getGenericValue Controller.java:109][En metodo getGenericValue del controller]
[2020Oct22 13:48:01,770][DEBUG][1603390681770][specificDataValueLookup EquivalenceDataBean.java:86][En metodo genericDataValueLookup FEATC - SERVICIO DE INSTANCIA GSM MÓVIL PRE-PAGO - INSTANCE]
[2020Oct22 13:48:01,772][DEBUG][1603390681770][getSpecificValue Controller.java:118][En metodo getSpecificValue del controller]
[2020Oct22 13:48:01,773][DEBUG][1603390681770][getSpecificValue Controller.java:124][Valor especifico: Móvil]
[2020Oct22 15:51:05,604][DEBUG][1603398065604][genericDataValueLookup EquivalenceDataBean.java:66][En metodo genericDataValueLookup SIEBEL - Servicio de instancia GSM móvil pre-pago - PAYMENT_MODE]
[2020Oct22 15:51:05,606][DEBUG][1603398065604][getGenericValue Controller.java:109][En metodo getGenericValue del controller]
[2020Oct22 15:51:05,615][DEBUG][1603398065615][specificDataValueLookup EquivalenceDataBean.java:86][En metodo genericDataValueLookup FEATC - SERVICIO DE INSTANCIA GSM MÓVIL PRE-PAGO - PAYMENT_MODE]
[2020Oct22 15:51:05,616][DEBUG][1603398065615][getSpecificValue Controller.java:118][En metodo getSpecificValue del controller]
[2020Oct22 15:51:05,617][DEBUG][1603398065615][getSpecificValue Controller.java:124][Valor especifico: Pre-Pago]
[2020Oct22 15:51:05,626][DEBUG][1603398065626][genericDataValueLookup EquivalenceDataBean.java:66][En metodo genericDataValueLookup SIEBEL - Servicio de instancia GSM móvil pre-pago - INSTANCE]
[2020Oct22 15:51:05,627][DEBUG][1603398065626][getGenericValue Controller.java:109][En metodo getGenericValue del controller]
[2020Oct22 15:51:05,635][DEBUG][1603398065635][specificDataValueLookup EquivalenceDataBean.java:86][En metodo genericDataValueLookup FEATC - SERVICIO DE INSTANCIA GSM MÓVIL PRE-PAGO - INSTANCE]
[2020Oct22 15:51:05,637][DEBUG][1603398065635][getSpecificValue Controller.java:118][En metodo getSpecificValue del controller]
[2020Oct22 15:51:05,638][DEBUG][1603398065635][getSpecificValue Controller.java:124][Valor especifico: Móvil]
[2020Oct22 15:58:38,180][DEBUG][1603398518180][genericDataValueLookup EquivalenceDataBean.java:66][En metodo genericDataValueLookup SIEBEL - Servicio de instancia GSM móvil pre-pago - PAYMENT_MODE]
[2020Oct22 15:58:38,182][DEBUG][1603398518180][getGenericValue Controller.java:109][En metodo getGenericValue del controller]
[2020Oct22 15:58:38,191][DEBUG][1603398518190][specificDataValueLookup EquivalenceDataBean.java:86][En metodo genericDataValueLookup FEATC - SERVICIO DE INSTANCIA GSM MÓVIL PRE-PAGO - PAYMENT_MODE]
[2020Oct22 15:58:38,192][DEBUG][1603398518190][getSpecificValue Controller.java:118][En metodo getSpecificValue del controller]
[2020Oct22 15:58:38,193][DEBUG][1603398518190][getSpecificValue Controller.java:124][Valor especifico: Pre-Pago]
[2020Oct22 15:58:38,201][DEBUG][1603398518201][genericDataValueLookup EquivalenceDataBean.java:66][En metodo genericDataValueLookup SIEBEL - Servicio de instancia GSM móvil pre-pago - INSTANCE]
[2020Oct22 15:58:38,203][DEBUG][1603398518201][getGenericValue Controller.java:109][En metodo getGenericValue del controller]
[2020Oct22 15:58:38,211][DEBUG][1603398518211][specificDataValueLookup EquivalenceDataBean.java:86][En metodo genericDataValueLookup FEATC - SERVICIO DE INSTANCIA GSM MÓVIL PRE-PAGO - INSTANCE]
[2020Oct22 15:58:38,212][DEBUG][1603398518211][getSpecificValue Controller.java:118][En metodo getSpecificValue del controller]
[2020Oct22 15:58:38,213][DEBUG][1603398518211][getSpecificValue Controller.java:124][Valor especifico: Móvil]
[2020Oct22 16:38:47,383][DEBUG][1603400927383][genericDataValueLookup EquivalenceDataBean.java:66][En metodo genericDataValueLookup SIEBEL - Servicio de instancia GSM móvil pre-pago - PAYMENT_MODE]
[2020Oct22 16:38:47,385][DEBUG][1603400927383][getGenericValue Controller.java:109][En metodo getGenericValue del controller]
[2020Oct22 16:38:47,394][DEBUG][1603400927394][specificDataValueLookup EquivalenceDataBean.java:86][En metodo genericDataValueLookup FEATC - SERVICIO DE INSTANCIA GSM MÓVIL PRE-PAGO - PAYMENT_MODE]
[2020Oct22 16:38:47,395][DEBUG][1603400927394][getSpecificValue Controller.java:118][En metodo getSpecificValue del controller]
[2020Oct22 16:38:47,396][DEBUG][1603400927394][getSpecificValue Controller.java:124][Valor especifico: Pre-Pago]
[2020Oct22 16:38:47,405][DEBUG][1603400927405][genericDataValueLookup EquivalenceDataBean.java:66][En metodo genericDataValueLookup SIEBEL - Servicio de instancia GSM móvil pre-pago - INSTANCE]
[2020Oct22 16:38:47,406][DEBUG][1603400927405][getGenericValue Controller.java:109][En metodo getGenericValue del controller]
[2020Oct22 16:38:47,414][DEBUG][1603400927414][specificDataValueLookup EquivalenceDataBean.java:86][En metodo genericDataValueLookup FEATC - SERVICIO DE INSTANCIA GSM MÓVIL PRE-PAGO - INSTANCE]
[2020Oct22 16:38:47,416][DEBUG][1603400927414][getSpecificValue Controller.java:118][En metodo getSpecificValue del controller]
[2020Oct22 16:38:47,417][DEBUG][1603400927414][getSpecificValue Controller.java:124][Valor especifico: Móvil]
[2020Oct22 19:45:43,493][DEBUG][1603412143493][genericDataValueLookup EquivalenceDataBean.java:66][En metodo genericDataValueLookup SIEBEL - Servicio de instancia GSM móvil pre-pago - PAYMENT_MODE]
[2020Oct22 19:45:43,495][DEBUG][1603412143493][getGenericValue Controller.java:109][En metodo getGenericValue del controller]
[2020Oct22 19:45:43,504][DEBUG][1603412143504][specificDataValueLookup EquivalenceDataBean.java:86][En metodo genericDataValueLookup FEATC - SERVICIO DE INSTANCIA GSM MÓVIL PRE-PAGO - PAYMENT_MODE]
[2020Oct22 19:45:43,505][DEBUG][1603412143504][getSpecificValue Controller.java:118][En metodo getSpecificValue del controller]
[2020Oct22 19:45:43,506][DEBUG][1603412143504][getSpecificValue Controller.java:124][Valor especifico: Pre-Pago]
[2020Oct22 19:45:43,515][DEBUG][1603412143515][genericDataValueLookup EquivalenceDataBean.java:66][En metodo genericDataValueLookup SIEBEL - Servicio de instancia GSM móvil pre-pago - INSTANCE]
[2020Oct22 19:45:43,516][DEBUG][1603412143515][getGenericValue Controller.java:109][En metodo getGenericValue del controller]
[2020Oct22 19:45:43,524][DEBUG][1603412143524][specificDataValueLookup EquivalenceDataBean.java:86][En metodo genericDataValueLookup FEATC - SERVICIO DE INSTANCIA GSM MÓVIL PRE-PAGO - INSTANCE]
[2020Oct22 19:45:43,526][DEBUG][1603412143524][getSpecificValue Controller.java:118][En metodo getSpecificValue del controller]
[2020Oct22 19:45:43,527][DEBUG][1603412143524][getSpecificValue Controller.java:124][Valor especifico: Móvil]
[2020Oct22 20:14:37,781][DEBUG][1603413877781][genericDataValueLookup EquivalenceDataBean.java:66][En metodo genericDataValueLookup SIEBEL - Servicio de instancia GSM móvil pre-pago - PAYMENT_MODE]
[2020Oct22 20:14:37,783][DEBUG][1603413877781][getGenericValue Controller.java:109][En metodo getGenericValue del controller]
[2020Oct22 20:14:37,791][DEBUG][1603413877791][specificDataValueLookup EquivalenceDataBean.java:86][En metodo genericDataValueLookup FEATC - SERVICIO DE INSTANCIA GSM MÓVIL PRE-PAGO - PAYMENT_MODE]
[2020Oct22 20:14:37,792][DEBUG][1603413877791][getSpecificValue Controller.java:118][En metodo getSpecificValue del controller]
[2020Oct22 20:14:37,794][DEBUG][1603413877791][getSpecificValue Controller.java:124][Valor especifico: Pre-Pago]
[2020Oct22 20:14:37,802][DEBUG][1603413877802][genericDataValueLookup EquivalenceDataBean.java:66][En metodo genericDataValueLookup SIEBEL - Servicio de instancia GSM móvil pre-pago - INSTANCE]
[2020Oct22 20:14:37,803][DEBUG][1603413877802][getGenericValue Controller.java:109][En metodo getGenericValue del controller]
[2020Oct22 20:14:37,811][DEBUG][1603413877811][specificDataValueLookup EquivalenceDataBean.java:86][En metodo genericDataValueLookup FEATC - SERVICIO DE INSTANCIA GSM MÓVIL PRE-PAGO - INSTANCE]
[2020Oct22 20:14:37,812][DEBUG][1603413877811][getSpecificValue Controller.java:118][En metodo getSpecificValue del controller]
[2020Oct22 20:14:37,814][DEBUG][1603413877811][getSpecificValue Controller.java:124][Valor especifico: Móvil]
[2020Oct22 21:05:05,094][DEBUG][1603416905094][genericDataValueLookup EquivalenceDataBean.java:66][En metodo genericDataValueLookup SIEBEL - Servicio de instancia GSM móvil pre-pago - PAYMENT_MODE]
[2020Oct22 21:05:05,096][DEBUG][1603416905094][getGenericValue Controller.java:109][En metodo getGenericValue del controller]
[2020Oct22 21:05:05,105][DEBUG][1603416905105][specificDataValueLookup EquivalenceDataBean.java:86][En metodo genericDataValueLookup FEATC - SERVICIO DE INSTANCIA GSM MÓVIL PRE-PAGO - PAYMENT_MODE]
[2020Oct22 21:05:05,106][DEBUG][1603416905105][getSpecificValue Controller.java:118][En metodo getSpecificValue del controller]
[2020Oct22 21:05:05,107][DEBUG][1603416905105][getSpecificValue Controller.java:124][Valor especifico: Pre-Pago]
[2020Oct22 21:05:05,116][DEBUG][1603416905116][genericDataValueLookup EquivalenceDataBean.java:66][En metodo genericDataValueLookup SIEBEL - Servicio de instancia GSM móvil pre-pago - INSTANCE]
[2020Oct22 21:05:05,117][DEBUG][1603416905116][getGenericValue Controller.java:109][En metodo getGenericValue del controller]
[2020Oct22 21:05:05,126][DEBUG][1603416905126][specificDataValueLookup EquivalenceDataBean.java:86][En metodo genericDataValueLookup FEATC - SERVICIO DE INSTANCIA GSM MÓVIL PRE-PAGO - INSTANCE]
[2020Oct22 21:05:05,127][DEBUG][1603416905126][getSpecificValue Controller.java:118][En metodo getSpecificValue del controller]
[2020Oct22 21:05:05,129][DEBUG][1603416905126][getSpecificValue Controller.java:124][Valor especifico: Móvil]
[2020Oct22 21:15:58,536][DEBUG][1603417558536][genericDataValueLookup EquivalenceDataBean.java:66][En metodo genericDataValueLookup SIEBEL - Servicio de instancia GSM móvil pre-pago - PAYMENT_MODE]
[2020Oct22 21:15:58,538][DEBUG][1603417558536][getGenericValue Controller.java:109][En metodo getGenericValue del controller]
[2020Oct22 21:15:58,546][DEBUG][1603417558546][specificDataValueLookup EquivalenceDataBean.java:86][En metodo genericDataValueLookup FEATC - SERVICIO DE INSTANCIA GSM MÓVIL PRE-PAGO - PAYMENT_MODE]
[2020Oct22 21:15:58,548][DEBUG][1603417558546][getSpecificValue Controller.java:118][En metodo getSpecificValue del controller]
[2020Oct22 21:15:58,549][DEBUG][1603417558546][getSpecificValue Controller.java:124][Valor especifico: Pre-Pago]
[2020Oct22 21:15:58,558][DEBUG][1603417558558][genericDataValueLookup EquivalenceDataBean.java:66][En metodo genericDataValueLookup SIEBEL - Servicio de instancia GSM móvil pre-pago - INSTANCE]
[2020Oct22 21:15:58,559][DEBUG][1603417558558][getGenericValue Controller.java:109][En metodo getGenericValue del controller]
[2020Oct22 21:15:58,568][DEBUG][1603417558568][specificDataValueLookup EquivalenceDataBean.java:86][En metodo genericDataValueLookup FEATC - SERVICIO DE INSTANCIA GSM MÓVIL PRE-PAGO - INSTANCE]
[2020Oct22 21:15:58,569][DEBUG][1603417558568][getSpecificValue Controller.java:118][En metodo getSpecificValue del controller]
[2020Oct22 21:15:58,570][DEBUG][1603417558568][getSpecificValue Controller.java:124][Valor especifico: Móvil]
